Inicio de la ejecución
Conexión exitosa
Se encontraron 5 regalos
JSON codificado correctamente
JSON enviado correctamente
Inicio de la ejecución
Conexión exitosa
Se encontraron 5 regalos
JSON codificado correctamente
JSON enviado correctamente
Inicio de la ejecución
Conexión exitosa
Se encontraron 5 regalos
JSON codificado correctamente
JSON enviado correctamente
Inicio de la ejecución
Conexión exitosa
Se encontraron 5 regalos
JSON codificado correctamente
JSON enviado correctamente
Inicio de la ejecución
Conexión exitosa
Se encontraron 6 regalos
JSON codificado correctamente
JSON enviado correctamente
Inicio de la ejecución
Conexión exitosa
Se encontraron 6 regalos
JSON codificado correctamente
JSON enviado correctamente
Inicio de la ejecución
Conexión exitosa
Se encontraron 7 regalos
JSON codificado correctamente
JSON enviado correctamente
Inicio de la ejecución
Conexión exitosa
Se encontraron 7 regalos
JSON codificado correctamente
JSON enviado correctamente
Inicio de la ejecución
Conexión exitosa
Se encontraron 7 regalos
JSON codificado correctamente
JSON enviado correctamente
Inicio de la ejecución
Conexión exitosa
Se encontraron 7 regalos
JSON codificado correctamente
JSON enviado correctamente
Inicio de la ejecución
Conexión exitosa
Se encontraron 7 regalos
JSON codificado correctamente
JSON enviado correctamente
Inicio de la ejecución
Conexión exitosa
Se encontraron 7 regalos
JSON codificado correctamente
JSON enviado correctamente
Inicio de la ejecución
Conexión exitosa
Se encontraron 7 regalos
JSON codificado correctamente
JSON enviado correctamente
Inicio de la ejecución
Conexión exitosa
Se encontraron 7 regalos
JSON codificado correctamente
JSON enviado correctamente
Inicio de la ejecución
Conexión exitosa
Se encontraron 7 regalos
JSON codificado correctamente
JSON enviado correctamente
Inicio de la ejecución
Conexión exitosa
Se encontraron 7 regalos
JSON codificado correctamente
JSON enviado correctamente
Inicio de la ejecución
Conexión exitosa
Se encontraron 7 regalos
JSON codificado correctamente
JSON enviado correctamente
Inicio de la ejecución
Conexión exitosa
Se encontraron 7 regalos
JSON codificado correctamente
JSON enviado correctamente
